0 info it worked if it ends with ok
1 verbose cli [ 'node', '/usr/local/bin/npm', 'start' ]
2 info using npm@3.8.6
3 info using node@v0.10.35
4 verbose run-script [ 'prestart', 'start', 'poststart' ]
5 info lifecycle angulartype_bugtracker@1.0.0~prestart: angulartype_bugtracker@1.0.0
6 silly lifecycle angulartype_bugtracker@1.0.0~prestart: no script for prestart, continuing
7 info lifecycle angulartype_bugtracker@1.0.0~start: angulartype_bugtracker@1.0.0
8 verbose lifecycle angulartype_bugtracker@1.0.0~start: unsafe-perm in lifecycle true
9 verbose lifecycle angulartype_bugtracker@1.0.0~start: PATH: /usr/local/lib/node_modules/npm/bin/node-gyp-bin:/Users/darylmilne/vagrant-local/www/scratch/htdocs/angulartype-bugtracker/node_modules/.bin:/usr/local/bin:/Users/darylmilne/.rbenv/shims:/Users/darylmilne/.composer/vendor/bin:/usr/local/bin:/usr/local/sbin:/usr/local/mysql/bin:/usr/local/bin:/usr/bin:/bin:/usr/sbin:/sbin:/opt/X11/bin
10 verbose lifecycle angulartype_bugtracker@1.0.0~start: CWD: /Users/darylmilne/vagrant-local/www/scratch/htdocs/angulartype-bugtracker
11 silly lifecycle angulartype_bugtracker@1.0.0~start: Args: [ '-c', 'tsc && tsc -w' ]
12 silly lifecycle angulartype_bugtracker@1.0.0~start: Returned: code: 2  signal: null
13 info lifecycle angulartype_bugtracker@1.0.0~start: Failed to exec start script
14 verbose stack Error: angulartype_bugtracker@1.0.0 start: `tsc && tsc -w`
14 verbose stack Exit status 2
14 verbose stack     at EventEmitter.<anonymous> (/usr/local/lib/node_modules/npm/lib/utils/lifecycle.js:239:16)
14 verbose stack     at EventEmitter.emit (events.js:98:17)
14 verbose stack     at ChildProcess.<anonymous> (/usr/local/lib/node_modules/npm/lib/utils/spawn.js:24:14)
14 verbose stack     at ChildProcess.emit (events.js:98:17)
14 verbose stack     at maybeClose (child_process.js:766:16)
14 verbose stack     at Process.ChildProcess._handle.onexit (child_process.js:833:5)
15 verbose pkgid angulartype_bugtracker@1.0.0
16 verbose cwd /Users/darylmilne/vagrant-local/www/scratch/htdocs/angulartype-bugtracker
17 error Darwin 16.4.0
18 error argv "node" "/usr/local/bin/npm" "start"
19 error node v0.10.35
20 error npm  v3.8.6
21 error code ELIFECYCLE
22 error angulartype_bugtracker@1.0.0 start: `tsc && tsc -w`
22 error Exit status 2
23 error Failed at the angulartype_bugtracker@1.0.0 start script 'tsc && tsc -w'.
23 error Make sure you have the latest version of node.js and npm installed.
23 error If you do, this is most likely a problem with the angulartype_bugtracker package,
23 error not with npm itself.
23 error Tell the author that this fails on your system:
23 error     tsc && tsc -w
23 error You can get information on how to open an issue for this project with:
23 error     npm bugs angulartype_bugtracker
23 error Or if that isn't available, you can get their info via:
23 error     npm owner ls angulartype_bugtracker
23 error There is likely additional logging output above.
24 verbose exit [ 1, true ]
